09 03 2022 = 10:51:33.308 [main] INFO  io.javalin.Javalin - 
       __                      __ _            __ __
      / /____ _ _   __ ____ _ / /(_)____      / // /
 __  / // __ `/| | / // __ `// // // __ \    / // /_
/ /_/ // /_/ / | |/ // /_/ // // // / / /   /__  __/
\____/ \__,_/  |___/ \__,_//_//_//_/ /_/      /_/

          https://javalin.io/documentation

09 03 2022 = 10:51:33.317 [main] INFO  org.eclipse.jetty.util.log - Logging initialized @542ms to org.eclipse.jetty.util.log.Slf4jLog
09 03 2022 = 10:51:33.318 [main] INFO  io.javalin.Javalin - Starting Javalin ...
09 03 2022 = 10:51:33.336 [main] INFO  io.javalin.Javalin - You are running Javalin 4.3.0 (released January 13, 2022).
09 03 2022 = 10:51:33.337 [main] INFO  io.javalin.Javalin - No port specified, starting on port 8080. Call start(port) to change ports.
09 03 2022 = 10:51:33.585 [main] INFO  io.javalin.Javalin - Listening on http://localhost:8080/
09 03 2022 = 10:51:33.585 [main] INFO  io.javalin.Javalin - Javalin started in 267ms \o/
09 03 2022 = 11:00:05.217 [main] INFO  io.javalin.Javalin - 
       __                      __ _            __ __
      / /____ _ _   __ ____ _ / /(_)____      / // /
 __  / // __ `/| | / // __ `// // // __ \    / // /_
/ /_/ // /_/ / | |/ // /_/ // // // / / /   /__  __/
\____/ \__,_/  |___/ \__,_//_//_//_/ /_/      /_/

          https://javalin.io/documentation

09 03 2022 = 11:00:05.227 [main] INFO  org.eclipse.jetty.util.log - Logging initialized @427ms to org.eclipse.jetty.util.log.Slf4jLog
09 03 2022 = 11:00:05.228 [main] INFO  io.javalin.Javalin - Starting Javalin ...
09 03 2022 = 11:00:05.246 [main] INFO  io.javalin.Javalin - You are running Javalin 4.3.0 (released January 13, 2022).
09 03 2022 = 11:00:05.246 [main] INFO  io.javalin.Javalin - No port specified, starting on port 8080. Call start(port) to change ports.
09 03 2022 = 11:00:05.496 [main] INFO  io.javalin.Javalin - Listening on http://localhost:8080/
09 03 2022 = 11:00:05.496 [main] INFO  io.javalin.Javalin - Javalin started in 268ms \o/
09 03 2022 = 11:03:11.423 [main] INFO  io.javalin.Javalin - 
       __                      __ _            __ __
      / /____ _ _   __ ____ _ / /(_)____      / // /
 __  / // __ `/| | / // __ `// // // __ \    / // /_
/ /_/ // /_/ / | |/ // /_/ // // // / / /   /__  __/
\____/ \__,_/  |___/ \__,_//_//_//_/ /_/      /_/

          https://javalin.io/documentation

09 03 2022 = 11:03:11.440 [main] INFO  org.eclipse.jetty.util.log - Logging initialized @762ms to org.eclipse.jetty.util.log.Slf4jLog
09 03 2022 = 11:03:11.442 [main] INFO  io.javalin.Javalin - Starting Javalin ...
09 03 2022 = 11:03:11.482 [main] INFO  io.javalin.Javalin - You are running Javalin 4.3.0 (released January 13, 2022).
09 03 2022 = 11:03:11.482 [main] INFO  io.javalin.Javalin - No port specified, starting on port 8080. Call start(port) to change ports.
09 03 2022 = 11:03:11.838 [main] INFO  io.javalin.Javalin - Listening on http://localhost:8080/
09 03 2022 = 11:03:11.838 [main] INFO  io.javalin.Javalin - Javalin started in 397ms \o/
09 03 2022 = 13:18:03.639 [main] INFO  io.javalin.Javalin - 
       __                      __ _            __ __
      / /____ _ _   __ ____ _ / /(_)____      / // /
 __  / // __ `/| | / // __ `// // // __ \    / // /_
/ /_/ // /_/ / | |/ // /_/ // // // / / /   /__  __/
\____/ \__,_/  |___/ \__,_//_//_//_/ /_/      /_/

          https://javalin.io/documentation

09 03 2022 = 13:18:03.649 [main] INFO  org.eclipse.jetty.util.log - Logging initialized @397ms to org.eclipse.jetty.util.log.Slf4jLog
09 03 2022 = 13:18:03.651 [main] INFO  io.javalin.Javalin - Starting Javalin ...
09 03 2022 = 13:18:03.667 [main] INFO  io.javalin.Javalin - You are running Javalin 4.3.0 (released January 13, 2022).
09 03 2022 = 13:18:03.667 [main] INFO  io.javalin.Javalin - No port specified, starting on port 8080. Call start(port) to change ports.
09 03 2022 = 13:18:03.913 [main] INFO  io.javalin.Javalin - Listening on http://localhost:8080/
09 03 2022 = 13:18:03.913 [main] INFO  io.javalin.Javalin - Javalin started in 263ms \o/
09 03 2022 = 13:20:36.420 [main] INFO  io.javalin.Javalin - 
       __                      __ _            __ __
      / /____ _ _   __ ____ _ / /(_)____      / // /
 __  / // __ `/| | / // __ `// // // __ \    / // /_
/ /_/ // /_/ / | |/ // /_/ // // // / / /   /__  __/
\____/ \__,_/  |___/ \__,_//_//_//_/ /_/      /_/

          https://javalin.io/documentation

09 03 2022 = 13:20:36.431 [main] INFO  org.eclipse.jetty.util.log - Logging initialized @422ms to org.eclipse.jetty.util.log.Slf4jLog
09 03 2022 = 13:20:36.432 [main] INFO  io.javalin.Javalin - Starting Javalin ...
09 03 2022 = 13:20:36.448 [main] INFO  io.javalin.Javalin - You are running Javalin 4.3.0 (released January 13, 2022).
09 03 2022 = 13:20:36.448 [main] INFO  io.javalin.Javalin - No port specified, starting on port 8080. Call start(port) to change ports.
09 03 2022 = 13:20:36.727 [main] INFO  io.javalin.Javalin - Listening on http://localhost:8080/
09 03 2022 = 13:20:36.728 [main] INFO  io.javalin.Javalin - Javalin started in 297ms \o/
09 03 2022 = 13:23:11.068 [main] INFO  io.javalin.Javalin - 
       __                      __ _            __ __
      / /____ _ _   __ ____ _ / /(_)____      / // /
 __  / // __ `/| | / // __ `// // // __ \    / // /_
/ /_/ // /_/ / | |/ // /_/ // // // / / /   /__  __/
\____/ \__,_/  |___/ \__,_//_//_//_/ /_/      /_/

          https://javalin.io/documentation

09 03 2022 = 13:23:11.079 [main] INFO  org.eclipse.jetty.util.log - Logging initialized @458ms to org.eclipse.jetty.util.log.Slf4jLog
09 03 2022 = 13:23:11.080 [main] INFO  io.javalin.Javalin - Starting Javalin ...
09 03 2022 = 13:23:11.102 [main] INFO  io.javalin.Javalin - You are running Javalin 4.3.0 (released January 13, 2022).
09 03 2022 = 13:23:11.102 [main] INFO  io.javalin.Javalin - No port specified, starting on port 8080. Call start(port) to change ports.
09 03 2022 = 13:23:11.419 [main] INFO  io.javalin.Javalin - Listening on http://localhost:8080/
09 03 2022 = 13:23:11.419 [main] INFO  io.javalin.Javalin - Javalin started in 340ms \o/
09 03 2022 = 13:24:21.685 [JettyServerThreadPool-14] WARN  io.javalin.Javalin - Uncaught exception
com.fasterxml.jackson.core.JsonParseException: Unrecognized token 'Michael': was expecting (JSON String, Number, Array, Object or token 'null', 'true' or 'false')
 at [Source: (String)"{
        "firstName": Michael,
        "lastName": Scott,
        "age": 47
    }"; line: 2, column: 29]
	at com.fasterxml.jackson.core.JsonParser._constructError(JsonParser.java:2391)
	at com.fasterxml.jackson.core.base.ParserMinimalBase._reportError(ParserMinimalBase.java:745)
	at com.fasterxml.jackson.core.json.ReaderBasedJsonParser._reportInvalidToken(ReaderBasedJsonParser.java:2961)
	at com.fasterxml.jackson.core.json.ReaderBasedJsonParser._handleOddValue(ReaderBasedJsonParser.java:2002)
	at com.fasterxml.jackson.core.json.ReaderBasedJsonParser.nextToken(ReaderBasedJsonParser.java:802)
	at com.fasterxml.jackson.databind.deser.BeanDeserializer.deserialize(BeanDeserializer.java:176)
	at com.fasterxml.jackson.databind.deser.DefaultDeserializationContext.readRootValue(DefaultDeserializationContext.java:322)
	at com.fasterxml.jackson.databind.ObjectMapper._readMapAndClose(ObjectMapper.java:4674)
	at com.fasterxml.jackson.databind.ObjectMapper.readValue(ObjectMapper.java:3629)
	at com.fasterxml.jackson.databind.ObjectMapper.readValue(ObjectMapper.java:3597)
	at io.javalin.plugin.json.JavalinJackson.fromJsonString(JavalinJackson.kt:37)
	at io.javalin.http.Context.bodyAsClass(Context.kt:114)
	at com.revature.controller.ClientController.lambda$new$3(ClientController.java:43)
	at io.javalin.core.security.SecurityUtil.noopAccessManager(SecurityUtil.kt:20)
	at io.javalin.http.JavalinServlet.addHandler$lambda-5(JavalinServlet.kt:115)
	at io.javalin.http.JavalinServlet$service$tryBeforeAndEndpointHandlers$1.invoke(JavalinServlet.kt:44)
	at io.javalin.http.JavalinServlet$service$tryBeforeAndEndpointHandlers$1.invoke(JavalinServlet.kt:39)
	at io.javalin.http.JavalinServlet.service$tryWithExceptionMapper(JavalinServlet.kt:131)
	at io.javalin.http.JavalinServlet.service$tryBeforeAndEndpointHandlers(JavalinServlet.kt:39)
	at io.javalin.http.JavalinServlet.service(JavalinServlet.kt:87)
	at javax.servlet.http.HttpServlet.service(HttpServlet.java:790)
	at io.javalin.jetty.JavalinJettyServlet.service(JavalinJettyServlet.kt:58)
	at javax.servlet.http.HttpServlet.service(HttpServlet.java:790)
	at org.eclipse.jetty.servlet.ServletHolder.handle(ServletHolder.java:799)
	at org.eclipse.jetty.servlet.ServletHandler.doHandle(ServletHandler.java:550)
	at org.eclipse.jetty.server.handler.ScopedHandler.nextHandle(ScopedHandler.java:233)
	at org.eclipse.jetty.server.session.SessionHandler.doHandle(SessionHandler.java:1624)
	at org.eclipse.jetty.server.handler.ScopedHandler.nextHandle(ScopedHandler.java:233)
	at io.javalin.jetty.JettyServer$start$wsAndHttpHandler$1.doHandle(JettyServer.kt:52)
	at org.eclipse.jetty.server.handler.ScopedHandler.nextScope(ScopedHandler.java:188)
	at org.eclipse.jetty.servlet.ServletHandler.doScope(ServletHandler.java:501)
	at org.eclipse.jetty.server.session.SessionHandler.doScope(SessionHandler.java:1594)
	at org.eclipse.jetty.server.handler.ScopedHandler.nextScope(ScopedHandler.java:186)
	at org.eclipse.jetty.server.handler.ContextHandler.doScope(ContextHandler.java:1349)
	at org.eclipse.jetty.server.handler.ScopedHandler.handle(ScopedHandler.java:141)
	at org.eclipse.jetty.server.handler.StatisticsHandler.handle(StatisticsHandler.java:179)
	at org.eclipse.jetty.server.handler.HandlerWrapper.handle(HandlerWrapper.java:127)
	at org.eclipse.jetty.server.Server.handle(Server.java:516)
	at org.eclipse.jetty.server.HttpChannel.lambda$handle$1(HttpChannel.java:400)
	at org.eclipse.jetty.server.HttpChannel.dispatch(HttpChannel.java:645)
	at org.eclipse.jetty.server.HttpChannel.handle(HttpChannel.java:392)
	at org.eclipse.jetty.server.HttpConnection.onFillable(HttpConnection.java:277)
	at org.eclipse.jetty.io.AbstractConnection$ReadCallback.succeeded(AbstractConnection.java:311)
	at org.eclipse.jetty.io.FillInterest.fillable(FillInterest.java:105)
	at org.eclipse.jetty.io.ChannelEndPoint$1.run(ChannelEndPoint.java:104)
	at org.eclipse.jetty.util.thread.strategy.EatWhatYouKill.runTask(EatWhatYouKill.java:338)
	at org.eclipse.jetty.util.thread.strategy.EatWhatYouKill.doProduce(EatWhatYouKill.java:315)
	at org.eclipse.jetty.util.thread.strategy.EatWhatYouKill.tryProduce(EatWhatYouKill.java:173)
	at org.eclipse.jetty.util.thread.strategy.EatWhatYouKill.produce(EatWhatYouKill.java:137)
	at org.eclipse.jetty.util.thread.QueuedThreadPool.runJob(QueuedThreadPool.java:883)
	at org.eclipse.jetty.util.thread.QueuedThreadPool$Runner.run(QueuedThreadPool.java:1034)
	at java.lang.Thread.run(Thread.java:750)
09 03 2022 = 13:28:20.953 [main] INFO  io.javalin.Javalin - 
       __                      __ _            __ __
      / /____ _ _   __ ____ _ / /(_)____      / // /
 __  / // __ `/| | / // __ `// // // __ \    / // /_
/ /_/ // /_/ / | |/ // /_/ // // // / / /   /__  __/
\____/ \__,_/  |___/ \__,_//_//_//_/ /_/      /_/

          https://javalin.io/documentation

09 03 2022 = 13:28:20.963 [main] INFO  org.eclipse.jetty.util.log - Logging initialized @579ms to org.eclipse.jetty.util.log.Slf4jLog
09 03 2022 = 13:28:20.964 [main] INFO  io.javalin.Javalin - Starting Javalin ...
09 03 2022 = 13:28:20.981 [main] INFO  io.javalin.Javalin - You are running Javalin 4.3.0 (released January 13, 2022).
09 03 2022 = 13:28:20.981 [main] INFO  io.javalin.Javalin - No port specified, starting on port 8080. Call start(port) to change ports.
09 03 2022 = 13:28:21.251 [main] INFO  io.javalin.Javalin - Listening on http://localhost:8080/
09 03 2022 = 13:28:21.251 [main] INFO  io.javalin.Javalin - Javalin started in 287ms \o/
09 03 2022 = 13:35:17.097 [main] INFO  io.javalin.Javalin - 
       __                      __ _            __ __
      / /____ _ _   __ ____ _ / /(_)____      / // /
 __  / // __ `/| | / // __ `// // // __ \    / // /_
/ /_/ // /_/ / | |/ // /_/ // // // / / /   /__  __/
\____/ \__,_/  |___/ \__,_//_//_//_/ /_/      /_/

          https://javalin.io/documentation

09 03 2022 = 13:35:17.108 [main] INFO  org.eclipse.jetty.util.log - Logging initialized @483ms to org.eclipse.jetty.util.log.Slf4jLog
09 03 2022 = 13:35:17.109 [main] INFO  io.javalin.Javalin - Starting Javalin ...
09 03 2022 = 13:35:17.127 [main] INFO  io.javalin.Javalin - You are running Javalin 4.3.0 (released January 13, 2022).
09 03 2022 = 13:35:17.128 [main] INFO  io.javalin.Javalin - No port specified, starting on port 8080. Call start(port) to change ports.
09 03 2022 = 13:35:17.418 [main] INFO  io.javalin.Javalin - Listening on http://localhost:8080/
09 03 2022 = 13:35:17.418 [main] INFO  io.javalin.Javalin - Javalin started in 309ms \o/
09 03 2022 = 16:01:23.619 [main] INFO  io.javalin.Javalin - 
       __                      __ _            __ __
      / /____ _ _   __ ____ _ / /(_)____      / // /
 __  / // __ `/| | / // __ `// // // __ \    / // /_
/ /_/ // /_/ / | |/ // /_/ // // // / / /   /__  __/
\____/ \__,_/  |___/ \__,_//_//_//_/ /_/      /_/

          https://javalin.io/documentation

09 03 2022 = 16:01:23.629 [main] INFO  org.eclipse.jetty.util.log - Logging initialized @449ms to org.eclipse.jetty.util.log.Slf4jLog
09 03 2022 = 16:01:23.630 [main] INFO  io.javalin.Javalin - Starting Javalin ...
09 03 2022 = 16:01:23.647 [main] INFO  io.javalin.Javalin - You are running Javalin 4.3.0 (released January 13, 2022).
09 03 2022 = 16:01:23.647 [main] INFO  io.javalin.Javalin - No port specified, starting on port 8080. Call start(port) to change ports.
09 03 2022 = 16:01:23.895 [main] INFO  io.javalin.Javalin - Listening on http://localhost:8080/
09 03 2022 = 16:01:23.895 [main] INFO  io.javalin.Javalin - Javalin started in 265ms \o/
09 03 2022 = 16:03:52.698 [main] INFO  io.javalin.Javalin - 
       __                      __ _            __ __
      / /____ _ _   __ ____ _ / /(_)____      / // /
 __  / // __ `/| | / // __ `// // // __ \    / // /_
/ /_/ // /_/ / | |/ // /_/ // // // / / /   /__  __/
\____/ \__,_/  |___/ \__,_//_//_//_/ /_/      /_/

          https://javalin.io/documentation

09 03 2022 = 16:03:52.708 [main] INFO  org.eclipse.jetty.util.log - Logging initialized @497ms to org.eclipse.jetty.util.log.Slf4jLog
09 03 2022 = 16:03:52.709 [main] INFO  io.javalin.Javalin - Starting Javalin ...
09 03 2022 = 16:03:52.726 [main] INFO  io.javalin.Javalin - You are running Javalin 4.3.0 (released January 13, 2022).
09 03 2022 = 16:03:52.726 [main] INFO  io.javalin.Javalin - No port specified, starting on port 8080. Call start(port) to change ports.
09 03 2022 = 16:03:52.968 [main] INFO  io.javalin.Javalin - Listening on http://localhost:8080/
09 03 2022 = 16:03:52.968 [main] INFO  io.javalin.Javalin - Javalin started in 259ms \o/
09 03 2022 = 16:04:44.697 [main] INFO  io.javalin.Javalin - 
       __                      __ _            __ __
      / /____ _ _   __ ____ _ / /(_)____      / // /
 __  / // __ `/| | / // __ `// // // __ \    / // /_
/ /_/ // /_/ / | |/ // /_/ // // // / / /   /__  __/
\____/ \__,_/  |___/ \__,_//_//_//_/ /_/      /_/

          https://javalin.io/documentation

09 03 2022 = 16:04:44.707 [main] INFO  org.eclipse.jetty.util.log - Logging initialized @399ms to org.eclipse.jetty.util.log.Slf4jLog
09 03 2022 = 16:04:44.708 [main] INFO  io.javalin.Javalin - Starting Javalin ...
09 03 2022 = 16:04:44.725 [main] INFO  io.javalin.Javalin - You are running Javalin 4.3.0 (released January 13, 2022).
09 03 2022 = 16:04:44.726 [main] INFO  io.javalin.Javalin - No port specified, starting on port 8080. Call start(port) to change ports.
09 03 2022 = 16:04:44.977 [main] INFO  io.javalin.Javalin - Listening on http://localhost:8080/
09 03 2022 = 16:04:44.977 [main] INFO  io.javalin.Javalin - Javalin started in 269ms \o/
09 03 2022 = 16:05:21.345 [main] INFO  io.javalin.Javalin - 
       __                      __ _            __ __
      / /____ _ _   __ ____ _ / /(_)____      / // /
 __  / // __ `/| | / // __ `// // // __ \    / // /_
/ /_/ // /_/ / | |/ // /_/ // // // / / /   /__  __/
\____/ \__,_/  |___/ \__,_//_//_//_/ /_/      /_/

          https://javalin.io/documentation

09 03 2022 = 16:05:21.355 [main] INFO  org.eclipse.jetty.util.log - Logging initialized @422ms to org.eclipse.jetty.util.log.Slf4jLog
09 03 2022 = 16:05:21.356 [main] INFO  io.javalin.Javalin - Starting Javalin ...
09 03 2022 = 16:05:21.373 [main] INFO  io.javalin.Javalin - You are running Javalin 4.3.0 (released January 13, 2022).
09 03 2022 = 16:05:21.373 [main] INFO  io.javalin.Javalin - No port specified, starting on port 8080. Call start(port) to change ports.
09 03 2022 = 16:05:21.626 [main] INFO  io.javalin.Javalin - Listening on http://localhost:8080/
09 03 2022 = 16:05:21.627 [main] INFO  io.javalin.Javalin - Javalin started in 272ms \o/
09 03 2022 = 16:05:52.831 [main] INFO  io.javalin.Javalin - 
       __                      __ _            __ __
      / /____ _ _   __ ____ _ / /(_)____      / // /
 __  / // __ `/| | / // __ `// // // __ \    / // /_
/ /_/ // /_/ / | |/ // /_/ // // // / / /   /__  __/
\____/ \__,_/  |___/ \__,_//_//_//_/ /_/      /_/

          https://javalin.io/documentation

09 03 2022 = 16:05:52.841 [main] INFO  org.eclipse.jetty.util.log - Logging initialized @423ms to org.eclipse.jetty.util.log.Slf4jLog
09 03 2022 = 16:05:52.842 [main] INFO  io.javalin.Javalin - Starting Javalin ...
09 03 2022 = 16:05:52.859 [main] INFO  io.javalin.Javalin - You are running Javalin 4.3.0 (released January 13, 2022).
09 03 2022 = 16:05:52.859 [main] INFO  io.javalin.Javalin - No port specified, starting on port 8080. Call start(port) to change ports.
09 03 2022 = 16:05:53.106 [main] INFO  io.javalin.Javalin - Listening on http://localhost:8080/
09 03 2022 = 16:05:53.106 [main] INFO  io.javalin.Javalin - Javalin started in 265ms \o/
09 03 2022 = 16:06:20.090 [main] INFO  io.javalin.Javalin - 
       __                      __ _            __ __
      / /____ _ _   __ ____ _ / /(_)____      / // /
 __  / // __ `/| | / // __ `// // // __ \    / // /_
/ /_/ // /_/ / | |/ // /_/ // // // / / /   /__  __/
\____/ \__,_/  |___/ \__,_//_//_//_/ /_/      /_/

          https://javalin.io/documentation

09 03 2022 = 16:06:20.100 [main] INFO  org.eclipse.jetty.util.log - Logging initialized @465ms to org.eclipse.jetty.util.log.Slf4jLog
09 03 2022 = 16:06:20.101 [main] INFO  io.javalin.Javalin - Starting Javalin ...
09 03 2022 = 16:06:20.119 [main] INFO  io.javalin.Javalin - You are running Javalin 4.3.0 (released January 13, 2022).
09 03 2022 = 16:06:20.120 [main] INFO  io.javalin.Javalin - No port specified, starting on port 8080. Call start(port) to change ports.
09 03 2022 = 16:06:20.369 [main] INFO  io.javalin.Javalin - Listening on http://localhost:8080/
09 03 2022 = 16:06:20.369 [main] INFO  io.javalin.Javalin - Javalin started in 268ms \o/
09 03 2022 = 16:08:26.925 [main] INFO  io.javalin.Javalin - 
       __                      __ _            __ __
      / /____ _ _   __ ____ _ / /(_)____      / // /
 __  / // __ `/| | / // __ `// // // __ \    / // /_
/ /_/ // /_/ / | |/ // /_/ // // // / / /   /__  __/
\____/ \__,_/  |___/ \__,_//_//_//_/ /_/      /_/

          https://javalin.io/documentation

09 03 2022 = 16:08:26.936 [main] INFO  org.eclipse.jetty.util.log - Logging initialized @646ms to org.eclipse.jetty.util.log.Slf4jLog
09 03 2022 = 16:08:26.940 [main] INFO  io.javalin.Javalin - Starting Javalin ...
09 03 2022 = 16:08:26.962 [main] INFO  io.javalin.Javalin - You are running Javalin 4.3.0 (released January 13, 2022).
09 03 2022 = 16:08:26.962 [main] INFO  io.javalin.Javalin - No port specified, starting on port 8080. Call start(port) to change ports.
09 03 2022 = 16:08:27.202 [main] INFO  io.javalin.Javalin - Listening on http://localhost:8080/
09 03 2022 = 16:08:27.203 [main] INFO  io.javalin.Javalin - Javalin started in 267ms \o/
09 03 2022 = 16:08:33.084 [JettyServerThreadPool-16] WARN  io.javalin.Javalin - Uncaught exception
org.postgresql.util.PSQLException: Bad value for type double : Savings
	at org.postgresql.jdbc.PgResultSet.toDouble(PgResultSet.java:3257)
	at org.postgresql.jdbc.PgResultSet.getDouble(PgResultSet.java:2595)
	at com.revature.dao.AccountDao.getAccountById(AccountDao.java:37)
	at com.revature.service.AccountService.getAccountById(AccountService.java:29)
	at com.revature.controller.AccountController.lambda$new$0(AccountController.java:21)
	at io.javalin.core.security.SecurityUtil.noopAccessManager(SecurityUtil.kt:20)
	at io.javalin.http.JavalinServlet.addHandler$lambda-5(JavalinServlet.kt:115)
	at io.javalin.http.JavalinServlet$service$tryBeforeAndEndpointHandlers$1.invoke(JavalinServlet.kt:44)
	at io.javalin.http.JavalinServlet$service$tryBeforeAndEndpointHandlers$1.invoke(JavalinServlet.kt:39)
	at io.javalin.http.JavalinServlet.service$tryWithExceptionMapper(JavalinServlet.kt:131)
	at io.javalin.http.JavalinServlet.service$tryBeforeAndEndpointHandlers(JavalinServlet.kt:39)
	at io.javalin.http.JavalinServlet.service(JavalinServlet.kt:87)
	at javax.servlet.http.HttpServlet.service(HttpServlet.java:790)
	at io.javalin.jetty.JavalinJettyServlet.service(JavalinJettyServlet.kt:58)
	at javax.servlet.http.HttpServlet.service(HttpServlet.java:790)
	at org.eclipse.jetty.servlet.ServletHolder.handle(ServletHolder.java:799)
	at org.eclipse.jetty.servlet.ServletHandler.doHandle(ServletHandler.java:550)
	at org.eclipse.jetty.server.handler.ScopedHandler.nextHandle(ScopedHandler.java:233)
	at org.eclipse.jetty.server.session.SessionHandler.doHandle(SessionHandler.java:1624)
	at org.eclipse.jetty.server.handler.ScopedHandler.nextHandle(ScopedHandler.java:233)
	at io.javalin.jetty.JettyServer$start$wsAndHttpHandler$1.doHandle(JettyServer.kt:52)
	at org.eclipse.jetty.server.handler.ScopedHandler.nextScope(ScopedHandler.java:188)
	at org.eclipse.jetty.servlet.ServletHandler.doScope(ServletHandler.java:501)
	at org.eclipse.jetty.server.session.SessionHandler.doScope(SessionHandler.java:1594)
	at org.eclipse.jetty.server.handler.ScopedHandler.nextScope(ScopedHandler.java:186)
	at org.eclipse.jetty.server.handler.ContextHandler.doScope(ContextHandler.java:1349)
	at org.eclipse.jetty.server.handler.ScopedHandler.handle(ScopedHandler.java:141)
	at org.eclipse.jetty.server.handler.StatisticsHandler.handle(StatisticsHandler.java:179)
	at org.eclipse.jetty.server.handler.HandlerWrapper.handle(HandlerWrapper.java:127)
	at org.eclipse.jetty.server.Server.handle(Server.java:516)
	at org.eclipse.jetty.server.HttpChannel.lambda$handle$1(HttpChannel.java:400)
	at org.eclipse.jetty.server.HttpChannel.dispatch(HttpChannel.java:645)
	at org.eclipse.jetty.server.HttpChannel.handle(HttpChannel.java:392)
	at org.eclipse.jetty.server.HttpConnection.onFillable(HttpConnection.java:277)
	at org.eclipse.jetty.io.AbstractConnection$ReadCallback.succeeded(AbstractConnection.java:311)
	at org.eclipse.jetty.io.FillInterest.fillable(FillInterest.java:105)
	at org.eclipse.jetty.io.ChannelEndPoint$1.run(ChannelEndPoint.java:104)
	at org.eclipse.jetty.util.thread.QueuedThreadPool.runJob(QueuedThreadPool.java:883)
	at org.eclipse.jetty.util.thread.QueuedThreadPool$Runner.run(QueuedThreadPool.java:1034)
	at java.lang.Thread.run(Thread.java:750)
09 03 2022 = 16:08:35.774 [JettyServerThreadPool-13] WARN  io.javalin.Javalin - Uncaught exception
org.postgresql.util.PSQLException: Bad value for type double : Savings
	at org.postgresql.jdbc.PgResultSet.toDouble(PgResultSet.java:3257)
	at org.postgresql.jdbc.PgResultSet.getDouble(PgResultSet.java:2595)
	at com.revature.dao.AccountDao.getAccountById(AccountDao.java:37)
	at com.revature.service.AccountService.getAccountById(AccountService.java:29)
	at com.revature.controller.AccountController.lambda$new$0(AccountController.java:21)
	at io.javalin.core.security.SecurityUtil.noopAccessManager(SecurityUtil.kt:20)
	at io.javalin.http.JavalinServlet.addHandler$lambda-5(JavalinServlet.kt:115)
	at io.javalin.http.JavalinServlet$service$tryBeforeAndEndpointHandlers$1.invoke(JavalinServlet.kt:44)
	at io.javalin.http.JavalinServlet$service$tryBeforeAndEndpointHandlers$1.invoke(JavalinServlet.kt:39)
	at io.javalin.http.JavalinServlet.service$tryWithExceptionMapper(JavalinServlet.kt:131)
	at io.javalin.http.JavalinServlet.service$tryBeforeAndEndpointHandlers(JavalinServlet.kt:39)
	at io.javalin.http.JavalinServlet.service(JavalinServlet.kt:87)
	at javax.servlet.http.HttpServlet.service(HttpServlet.java:790)
	at io.javalin.jetty.JavalinJettyServlet.service(JavalinJettyServlet.kt:58)
	at javax.servlet.http.HttpServlet.service(HttpServlet.java:790)
	at org.eclipse.jetty.servlet.ServletHolder.handle(ServletHolder.java:799)
	at org.eclipse.jetty.servlet.ServletHandler.doHandle(ServletHandler.java:550)
	at org.eclipse.jetty.server.handler.ScopedHandler.nextHandle(ScopedHandler.java:233)
	at org.eclipse.jetty.server.session.SessionHandler.doHandle(SessionHandler.java:1624)
	at org.eclipse.jetty.server.handler.ScopedHandler.nextHandle(ScopedHandler.java:233)
	at io.javalin.jetty.JettyServer$start$wsAndHttpHandler$1.doHandle(JettyServer.kt:52)
	at org.eclipse.jetty.server.handler.ScopedHandler.nextScope(ScopedHandler.java:188)
	at org.eclipse.jetty.servlet.ServletHandler.doScope(ServletHandler.java:501)
	at org.eclipse.jetty.server.session.SessionHandler.doScope(SessionHandler.java:1594)
	at org.eclipse.jetty.server.handler.ScopedHandler.nextScope(ScopedHandler.java:186)
	at org.eclipse.jetty.server.handler.ContextHandler.doScope(ContextHandler.java:1349)
	at org.eclipse.jetty.server.handler.ScopedHandler.handle(ScopedHandler.java:141)
	at org.eclipse.jetty.server.handler.StatisticsHandler.handle(StatisticsHandler.java:179)
	at org.eclipse.jetty.server.handler.HandlerWrapper.handle(HandlerWrapper.java:127)
	at org.eclipse.jetty.server.Server.handle(Server.java:516)
	at org.eclipse.jetty.server.HttpChannel.lambda$handle$1(HttpChannel.java:400)
	at org.eclipse.jetty.server.HttpChannel.dispatch(HttpChannel.java:645)
	at org.eclipse.jetty.server.HttpChannel.handle(HttpChannel.java:392)
	at org.eclipse.jetty.server.HttpConnection.onFillable(HttpConnection.java:277)
	at org.eclipse.jetty.io.AbstractConnection$ReadCallback.succeeded(AbstractConnection.java:311)
	at org.eclipse.jetty.io.FillInterest.fillable(FillInterest.java:105)
	at org.eclipse.jetty.io.ChannelEndPoint$1.run(ChannelEndPoint.java:104)
	at org.eclipse.jetty.util.thread.strategy.EatWhatYouKill.runTask(EatWhatYouKill.java:338)
	at org.eclipse.jetty.util.thread.strategy.EatWhatYouKill.doProduce(EatWhatYouKill.java:315)
	at org.eclipse.jetty.util.thread.strategy.EatWhatYouKill.tryProduce(EatWhatYouKill.java:173)
	at org.eclipse.jetty.util.thread.strategy.EatWhatYouKill.produce(EatWhatYouKill.java:137)
	at org.eclipse.jetty.util.thread.QueuedThreadPool.runJob(QueuedThreadPool.java:883)
	at org.eclipse.jetty.util.thread.QueuedThreadPool$Runner.run(QueuedThreadPool.java:1034)
	at java.lang.Thread.run(Thread.java:750)
09 03 2022 = 16:08:51.721 [main] INFO  io.javalin.Javalin - 
       __                      __ _            __ __
      / /____ _ _   __ ____ _ / /(_)____      / // /
 __  / // __ `/| | / // __ `// // // __ \    / // /_
/ /_/ // /_/ / | |/ // /_/ // // // / / /   /__  __/
\____/ \__,_/  |___/ \__,_//_//_//_/ /_/      /_/

          https://javalin.io/documentation

09 03 2022 = 16:08:51.733 [main] INFO  org.eclipse.jetty.util.log - Logging initialized @418ms to org.eclipse.jetty.util.log.Slf4jLog
09 03 2022 = 16:08:51.734 [main] INFO  io.javalin.Javalin - Starting Javalin ...
09 03 2022 = 16:08:51.750 [main] INFO  io.javalin.Javalin - You are running Javalin 4.3.0 (released January 13, 2022).
09 03 2022 = 16:08:51.751 [main] INFO  io.javalin.Javalin - No port specified, starting on port 8080. Call start(port) to change ports.
09 03 2022 = 16:08:52.041 [main] INFO  io.javalin.Javalin - Listening on http://localhost:8080/
09 03 2022 = 16:08:52.041 [main] INFO  io.javalin.Javalin - Javalin started in 308ms \o/
09 03 2022 = 16:09:04.448 [main] INFO  io.javalin.Javalin - 
       __                      __ _            __ __
      / /____ _ _   __ ____ _ / /(_)____      / // /
 __  / // __ `/| | / // __ `// // // __ \    / // /_
/ /_/ // /_/ / | |/ // /_/ // // // / / /   /__  __/
\____/ \__,_/  |___/ \__,_//_//_//_/ /_/      /_/

          https://javalin.io/documentation

09 03 2022 = 16:09:04.458 [main] INFO  org.eclipse.jetty.util.log - Logging initialized @484ms to org.eclipse.jetty.util.log.Slf4jLog
09 03 2022 = 16:09:04.459 [main] INFO  io.javalin.Javalin - Starting Javalin ...
09 03 2022 = 16:09:04.477 [main] INFO  io.javalin.Javalin - You are running Javalin 4.3.0 (released January 13, 2022).
09 03 2022 = 16:09:04.478 [main] INFO  io.javalin.Javalin - No port specified, starting on port 8080. Call start(port) to change ports.
09 03 2022 = 16:09:04.736 [main] INFO  io.javalin.Javalin - Listening on http://localhost:8080/
09 03 2022 = 16:09:04.736 [main] INFO  io.javalin.Javalin - Javalin started in 277ms \o/
09 03 2022 = 16:09:05.946 [JettyServerThreadPool-13] WARN  io.javalin.Javalin - Uncaught exception
org.postgresql.util.PSQLException: Bad value for type double : Savings
	at org.postgresql.jdbc.PgResultSet.toDouble(PgResultSet.java:3257)
	at org.postgresql.jdbc.PgResultSet.getDouble(PgResultSet.java:2595)
	at com.revature.dao.AccountDao.getAccountById(AccountDao.java:37)
	at com.revature.service.AccountService.getAccountById(AccountService.java:29)
	at com.revature.controller.AccountController.lambda$new$0(AccountController.java:21)
	at io.javalin.core.security.SecurityUtil.noopAccessManager(SecurityUtil.kt:20)
	at io.javalin.http.JavalinServlet.addHandler$lambda-5(JavalinServlet.kt:115)
	at io.javalin.http.JavalinServlet$service$tryBeforeAndEndpointHandlers$1.invoke(JavalinServlet.kt:44)
	at io.javalin.http.JavalinServlet$service$tryBeforeAndEndpointHandlers$1.invoke(JavalinServlet.kt:39)
	at io.javalin.http.JavalinServlet.service$tryWithExceptionMapper(JavalinServlet.kt:131)
	at io.javalin.http.JavalinServlet.service$tryBeforeAndEndpointHandlers(JavalinServlet.kt:39)
	at io.javalin.http.JavalinServlet.service(JavalinServlet.kt:87)
	at javax.servlet.http.HttpServlet.service(HttpServlet.java:790)
	at io.javalin.jetty.JavalinJettyServlet.service(JavalinJettyServlet.kt:58)
	at javax.servlet.http.HttpServlet.service(HttpServlet.java:790)
	at org.eclipse.jetty.servlet.ServletHolder.handle(ServletHolder.java:799)
	at org.eclipse.jetty.servlet.ServletHandler.doHandle(ServletHandler.java:550)
	at org.eclipse.jetty.server.handler.ScopedHandler.nextHandle(ScopedHandler.java:233)
	at org.eclipse.jetty.server.session.SessionHandler.doHandle(SessionHandler.java:1624)
	at org.eclipse.jetty.server.handler.ScopedHandler.nextHandle(ScopedHandler.java:233)
	at io.javalin.jetty.JettyServer$start$wsAndHttpHandler$1.doHandle(JettyServer.kt:52)
	at org.eclipse.jetty.server.handler.ScopedHandler.nextScope(ScopedHandler.java:188)
	at org.eclipse.jetty.servlet.ServletHandler.doScope(ServletHandler.java:501)
	at org.eclipse.jetty.server.session.SessionHandler.doScope(SessionHandler.java:1594)
	at org.eclipse.jetty.server.handler.ScopedHandler.nextScope(ScopedHandler.java:186)
	at org.eclipse.jetty.server.handler.ContextHandler.doScope(ContextHandler.java:1349)
	at org.eclipse.jetty.server.handler.ScopedHandler.handle(ScopedHandler.java:141)
	at org.eclipse.jetty.server.handler.StatisticsHandler.handle(StatisticsHandler.java:179)
	at org.eclipse.jetty.server.handler.HandlerWrapper.handle(HandlerWrapper.java:127)
	at org.eclipse.jetty.server.Server.handle(Server.java:516)
	at org.eclipse.jetty.server.HttpChannel.lambda$handle$1(HttpChannel.java:400)
	at org.eclipse.jetty.server.HttpChannel.dispatch(HttpChannel.java:645)
	at org.eclipse.jetty.server.HttpChannel.handle(HttpChannel.java:392)
	at org.eclipse.jetty.server.HttpConnection.onFillable(HttpConnection.java:277)
	at org.eclipse.jetty.io.AbstractConnection$ReadCallback.succeeded(AbstractConnection.java:311)
	at org.eclipse.jetty.io.FillInterest.fillable(FillInterest.java:105)
	at org.eclipse.jetty.io.ChannelEndPoint$1.run(ChannelEndPoint.java:104)
	at org.eclipse.jetty.util.thread.QueuedThreadPool.runJob(QueuedThreadPool.java:883)
	at org.eclipse.jetty.util.thread.QueuedThreadPool$Runner.run(QueuedThreadPool.java:1034)
	at java.lang.Thread.run(Thread.java:750)
09 03 2022 = 16:09:20.199 [main] INFO  io.javalin.Javalin - 
       __                      __ _            __ __
      / /____ _ _   __ ____ _ / /(_)____      / // /
 __  / // __ `/| | / // __ `// // // __ \    / // /_
/ /_/ // /_/ / | |/ // /_/ // // // / / /   /__  __/
\____/ \__,_/  |___/ \__,_//_//_//_/ /_/      /_/

          https://javalin.io/documentation

09 03 2022 = 16:09:20.210 [main] INFO  org.eclipse.jetty.util.log - Logging initialized @452ms to org.eclipse.jetty.util.log.Slf4jLog
09 03 2022 = 16:09:20.211 [main] INFO  io.javalin.Javalin - Starting Javalin ...
09 03 2022 = 16:09:20.227 [main] INFO  io.javalin.Javalin - You are running Javalin 4.3.0 (released January 13, 2022).
09 03 2022 = 16:09:20.227 [main] INFO  io.javalin.Javalin - No port specified, starting on port 8080. Call start(port) to change ports.
09 03 2022 = 16:09:20.511 [main] INFO  io.javalin.Javalin - Listening on http://localhost:8080/
09 03 2022 = 16:09:20.511 [main] INFO  io.javalin.Javalin - Javalin started in 301ms \o/
09 03 2022 = 16:16:50.988 [main] INFO  io.javalin.Javalin - 
       __                      __ _            __ __
      / /____ _ _   __ ____ _ / /(_)____      / // /
 __  / // __ `/| | / // __ `// // // __ \    / // /_
/ /_/ // /_/ / | |/ // /_/ // // // / / /   /__  __/
\____/ \__,_/  |___/ \__,_//_//_//_/ /_/      /_/

          https://javalin.io/documentation

09 03 2022 = 16:16:50.998 [main] INFO  org.eclipse.jetty.util.log - Logging initialized @402ms to org.eclipse.jetty.util.log.Slf4jLog
09 03 2022 = 16:16:50.999 [main] INFO  io.javalin.Javalin - Starting Javalin ...
09 03 2022 = 16:16:51.018 [main] INFO  io.javalin.Javalin - You are running Javalin 4.3.0 (released January 13, 2022).
09 03 2022 = 16:16:51.018 [main] INFO  io.javalin.Javalin - No port specified, starting on port 8080. Call start(port) to change ports.
09 03 2022 = 16:16:51.289 [main] INFO  io.javalin.Javalin - Listening on http://localhost:8080/
09 03 2022 = 16:16:51.290 [main] INFO  io.javalin.Javalin - Javalin started in 291ms \o/
